[2024-11-24 02:44:48] Setting up CPU isolation...
[2024-11-24 02:44:48] CPU isolation complete
[2024-11-24 02:44:48] Switching to scheduler: default
[2024-11-24 02:44:50] Running tests with scheduler: default
[2024-11-24 02:44:50] Running stress-ng with 24 processes
[2024-11-24 02:44:50] Clearing system caches...
[2024-11-24 02:44:51] Cache cleared
[2024-11-24 02:44:52] Starting stress-ng with 24 processes
[2024-11-24 02:44:57] All 25 processes started successfully
[2024-11-24 02:44:57] PIDS are 119826,119827,119828,119829,119830,119831,119832,119833,119834,119835,119836,119837,119838,119839,119840,119841,119842,119843,119844,119845,119846,119847,119848,119849
[2024-11-24 02:44:57] Starting eBPF monitoring...
[2024-11-24 02:44:57] Stopping stress-ng processes...
[2024-11-24 02:44:57] Starting eBPF monitoring...
[2024-11-24 02:45:27] Resuming stress-ng processes...
[2024-11-24 02:45:27] Waiting for stress-ng processes to complete...
[2024-11-24 02:46:27] Killing ebpf script
[2024-11-24 02:46:32] Getting experiment results
[2024-11-24 02:46:38] All done now...
[2024-11-24 02:46:45] Switching to scheduler: lavd
[2024-11-24 02:46:51] Scheduler lavd successfully initialized
[2024-11-24 02:46:51] Running tests with scheduler: lavd
[2024-11-24 02:46:51] Running stress-ng with 24 processes
[2024-11-24 02:46:51] Clearing system caches...
[2024-11-24 02:46:52] Cache cleared
[2024-11-24 02:46:52] Starting stress-ng with 24 processes
[2024-11-24 02:46:56] All 25 processes started successfully
[2024-11-24 02:46:56] PIDS are 121208,121209,121210,121211,121212,121213,121214,121215,121216,121217,121218,121219,121220,121221,121222,121223,121224,121225,121226,121227,121228,121229,121230,121231
[2024-11-24 02:46:56] Starting eBPF monitoring...
[2024-11-24 02:46:56] Stopping stress-ng processes...
[2024-11-24 02:46:56] Starting eBPF monitoring...
[2024-11-24 02:47:26] Resuming stress-ng processes...
[2024-11-24 02:47:26] Waiting for stress-ng processes to complete...
[2024-11-24 02:48:26] Killing ebpf script
[2024-11-24 02:48:31] Getting experiment results
[2024-11-24 02:48:37] All done now...
[2024-11-24 02:48:44] Switching to scheduler: rusty
[2024-11-24 02:48:51] Scheduler rusty successfully initialized
[2024-11-24 02:48:51] Running tests with scheduler: rusty
[2024-11-24 02:48:51] Running stress-ng with 24 processes
[2024-11-24 02:48:51] Clearing system caches...
[2024-11-24 02:48:51] Cache cleared
[2024-11-24 02:48:52] Starting stress-ng with 24 processes
[2024-11-24 02:48:55] All 25 processes started successfully
[2024-11-24 02:48:55] PIDS are 122663,122664,122665,122666,122667,122668,122669,122670,122671,122672,122673,122674,122675,122676,122677,122678,122679,122680,122681,122682,122683,122684,122685,122686
[2024-11-24 02:48:55] Starting eBPF monitoring...
[2024-11-24 02:48:55] Stopping stress-ng processes...
[2024-11-24 02:48:55] Starting eBPF monitoring...
[2024-11-24 02:49:25] Resuming stress-ng processes...
[2024-11-24 02:49:26] Waiting for stress-ng processes to complete...
[2024-11-24 02:50:26] Killing ebpf script
[2024-11-24 02:50:31] Getting experiment results
[2024-11-24 02:50:36] All done now...
[2024-11-24 02:50:43] Switching to scheduler: rustland
[2024-11-24 02:50:50] Scheduler rustland successfully initialized
[2024-11-24 02:50:50] Running tests with scheduler: rustland
[2024-11-24 02:50:50] Running stress-ng with 24 processes
[2024-11-24 02:50:50] Clearing system caches...
[2024-11-24 02:50:51] Cache cleared
[2024-11-24 02:50:51] Starting stress-ng with 24 processes
[2024-11-24 02:50:54] All 25 processes started successfully
[2024-11-24 02:50:54] PIDS are 124073,124074,124075,124076,124077,124078,124079,124080,124081,124082,124083,124084,124085,124086,124087,124088,124089,124090,124091,124092,124093,124094,124095,124096
[2024-11-24 02:50:54] Starting eBPF monitoring...
[2024-11-24 02:50:54] Stopping stress-ng processes...
[2024-11-24 02:50:54] Starting eBPF monitoring...
[2024-11-24 02:51:24] Resuming stress-ng processes...
[2024-11-24 02:51:24] Waiting for stress-ng processes to complete...
[2024-11-24 02:52:25] Killing ebpf script
[2024-11-24 02:52:30] Getting experiment results
[2024-11-24 02:52:35] All done now...
[2024-11-24 02:52:42] Exit cleanup initiated...
[2024-11-24 02:52:45] Exit cleanup completed
