[2024-11-24 01:34:57] Setting up CPU isolation...
[2024-11-24 01:34:57] CPU isolation complete
[2024-11-24 01:34:57] Switching to scheduler: default
[2024-11-24 01:34:59] Running tests with scheduler: default
[2024-11-24 01:34:59] Running stress-ng with 0 CPU workers and 24 I/O workers
[2024-11-24 01:34:59] Clearing system caches...
[2024-11-24 01:35:00] Cache cleared
[2024-11-24 01:35:00] Starting stress-ng with 0 CPU workers and 24 I/O workers
[2024-11-24 01:36:04] All done now...
[2024-11-24 01:36:11] Running stress-ng with 6 CPU workers and 18 I/O workers
[2024-11-24 01:36:11] Clearing system caches...
[2024-11-24 01:36:11] Cache cleared
[2024-11-24 01:36:12] Starting stress-ng with 6 CPU workers and 18 I/O workers
[2024-11-24 01:37:14] All done now...
[2024-11-24 01:37:21] Running stress-ng with 12 CPU workers and 12 I/O workers
[2024-11-24 01:37:21] Clearing system caches...
[2024-11-24 01:37:22] Cache cleared
[2024-11-24 01:37:22] Starting stress-ng with 12 CPU workers and 12 I/O workers
[2024-11-24 01:38:25] All done now...
[2024-11-24 01:38:33] Running stress-ng with 18 CPU workers and 6 I/O workers
[2024-11-24 01:38:33] Clearing system caches...
[2024-11-24 01:38:33] Cache cleared
[2024-11-24 01:38:33] Starting stress-ng with 18 CPU workers and 6 I/O workers
[2024-11-24 01:39:37] All done now...
[2024-11-24 01:39:44] Running stress-ng with 24 CPU workers and 0 I/O workers
[2024-11-24 01:39:44] Clearing system caches...
[2024-11-24 01:39:44] Cache cleared
[2024-11-24 01:39:45] Starting stress-ng with 24 CPU workers and 0 I/O workers
[2024-11-24 01:40:47] All done now...
[2024-11-24 01:40:54] Switching to scheduler: lavd
[2024-11-24 01:41:01] Scheduler lavd successfully initialized
[2024-11-24 01:41:01] Running tests with scheduler: lavd
[2024-11-24 01:41:01] Running stress-ng with 0 CPU workers and 24 I/O workers
[2024-11-24 01:41:01] Clearing system caches...
[2024-11-24 01:41:02] Cache cleared
[2024-11-24 01:41:02] Starting stress-ng with 0 CPU workers and 24 I/O workers
[2024-11-24 01:42:06] All done now...
[2024-11-24 01:42:13] Running stress-ng with 6 CPU workers and 18 I/O workers
[2024-11-24 01:42:13] Clearing system caches...
[2024-11-24 01:42:14] Cache cleared
[2024-11-24 01:42:14] Starting stress-ng with 6 CPU workers and 18 I/O workers
[2024-11-24 01:43:16] All done now...
[2024-11-24 01:43:23] Running stress-ng with 12 CPU workers and 12 I/O workers
[2024-11-24 01:43:23] Clearing system caches...
[2024-11-24 01:43:24] Cache cleared
[2024-11-24 01:43:24] Starting stress-ng with 12 CPU workers and 12 I/O workers
[2024-11-24 01:44:26] All done now...
[2024-11-24 01:44:33] Running stress-ng with 18 CPU workers and 6 I/O workers
[2024-11-24 01:44:33] Clearing system caches...
[2024-11-24 01:44:34] Cache cleared
[2024-11-24 01:44:34] Starting stress-ng with 18 CPU workers and 6 I/O workers
[2024-11-24 01:45:36] All done now...
[2024-11-24 01:45:43] Running stress-ng with 24 CPU workers and 0 I/O workers
[2024-11-24 01:45:43] Clearing system caches...
[2024-11-24 01:45:44] Cache cleared
[2024-11-24 01:45:44] Starting stress-ng with 24 CPU workers and 0 I/O workers
[2024-11-24 01:46:46] All done now...
[2024-11-24 01:46:53] Switching to scheduler: rusty
[2024-11-24 01:47:00] Scheduler rusty successfully initialized
[2024-11-24 01:47:00] Running tests with scheduler: rusty
[2024-11-24 01:47:00] Running stress-ng with 0 CPU workers and 24 I/O workers
[2024-11-24 01:47:00] Clearing system caches...
[2024-11-24 01:47:00] Cache cleared
[2024-11-24 01:47:01] Starting stress-ng with 0 CPU workers and 24 I/O workers
[2024-11-24 01:48:03] All done now...
[2024-11-24 01:48:10] Running stress-ng with 6 CPU workers and 18 I/O workers
[2024-11-24 01:48:10] Clearing system caches...
[2024-11-24 01:48:11] Cache cleared
[2024-11-24 01:48:11] Starting stress-ng with 6 CPU workers and 18 I/O workers
[2024-11-24 01:49:13] All done now...
[2024-11-24 01:49:20] Running stress-ng with 12 CPU workers and 12 I/O workers
[2024-11-24 01:49:20] Clearing system caches...
[2024-11-24 01:49:21] Cache cleared
[2024-11-24 01:49:21] Starting stress-ng with 12 CPU workers and 12 I/O workers
[2024-11-24 01:50:24] All done now...
[2024-11-24 01:50:32] Running stress-ng with 18 CPU workers and 6 I/O workers
[2024-11-24 01:50:32] Clearing system caches...
[2024-11-24 01:50:32] Cache cleared
[2024-11-24 01:50:32] Starting stress-ng with 18 CPU workers and 6 I/O workers
[2024-11-24 01:51:36] All done now...
[2024-11-24 01:51:43] Running stress-ng with 24 CPU workers and 0 I/O workers
[2024-11-24 01:51:43] Clearing system caches...
[2024-11-24 01:51:43] Cache cleared
[2024-11-24 01:51:43] Starting stress-ng with 24 CPU workers and 0 I/O workers
[2024-11-24 01:52:46] All done now...
[2024-11-24 01:52:53] Switching to scheduler: rustland
[2024-11-24 01:53:00] Scheduler rustland successfully initialized
[2024-11-24 01:53:00] Running tests with scheduler: rustland
[2024-11-24 01:53:00] Running stress-ng with 0 CPU workers and 24 I/O workers
[2024-11-24 01:53:00] Clearing system caches...
[2024-11-24 01:53:01] Cache cleared
[2024-11-24 01:53:01] Starting stress-ng with 0 CPU workers and 24 I/O workers
[2024-11-24 01:54:04] All done now...
[2024-11-24 01:54:11] Running stress-ng with 6 CPU workers and 18 I/O workers
[2024-11-24 01:54:11] Clearing system caches...
[2024-11-24 01:54:12] Cache cleared
[2024-11-24 01:54:12] Starting stress-ng with 6 CPU workers and 18 I/O workers
[2024-11-24 01:55:14] All done now...
[2024-11-24 01:55:22] Running stress-ng with 12 CPU workers and 12 I/O workers
[2024-11-24 01:55:22] Clearing system caches...
[2024-11-24 01:55:22] Cache cleared
[2024-11-24 01:55:23] Starting stress-ng with 12 CPU workers and 12 I/O workers
[2024-11-24 01:56:26] All done now...
[2024-11-24 01:56:33] Running stress-ng with 18 CPU workers and 6 I/O workers
[2024-11-24 01:56:33] Clearing system caches...
[2024-11-24 01:56:33] Cache cleared
[2024-11-24 01:56:34] Starting stress-ng with 18 CPU workers and 6 I/O workers
[2024-11-24 01:57:36] All done now...
[2024-11-24 01:57:43] Running stress-ng with 24 CPU workers and 0 I/O workers
[2024-11-24 01:57:43] Clearing system caches...
[2024-11-24 01:57:43] Cache cleared
[2024-11-24 01:57:44] Starting stress-ng with 24 CPU workers and 0 I/O workers
[2024-11-24 01:58:46] All done now...
[2024-11-24 01:58:53] Exit cleanup initiated...
[2024-11-24 01:58:55] Exit cleanup completed
