[2024-11-24 00:40:21] Setting up CPU isolation...
[2024-11-24 00:40:22] CPU isolation complete
[2024-11-24 00:40:22] Switching to scheduler: default
[2024-11-24 00:40:24] Running tests with scheduler: default
[2024-11-24 00:40:24] Running stress-ng with 0 CPU workers and 24 I/O workers
[2024-11-24 00:40:24] Clearing system caches...
[2024-11-24 00:40:25] Cache cleared
[2024-11-24 00:40:25] Starting stress-ng with 0 CPU workers and 24 I/O workers
[2024-11-24 00:40:27] All 25 processes started successfully
[2024-11-24 00:40:27] PIDS are 21625,21626,21627,21628,21629,21630,21631,21632,21633,21634,21635,21636,21637,21638,21639,21640,21641,21642,21643,21644,21645,21646,21647,21648
[2024-11-24 00:40:27] Starting eBPF monitoring...
[2024-11-24 00:40:27] Stopping stress-ng processes...
[2024-11-24 00:40:27] Starting eBPF monitoring...
[2024-11-24 00:40:57] Resuming stress-ng processes...
[2024-11-24 00:40:57] Waiting for stress-ng processes to complete...
[2024-11-24 00:41:57] Killing ebpf script
[2024-11-24 00:42:02] Getting experiment results
[2024-11-24 00:42:08] All done now...
[2024-11-24 00:42:16] Running stress-ng with 6 CPU workers and 18 I/O workers
[2024-11-24 00:42:16] Clearing system caches...
[2024-11-24 00:42:16] Cache cleared
[2024-11-24 00:42:17] Starting stress-ng with 6 CPU workers and 18 I/O workers
[2024-11-24 00:42:19] All 26 processes started successfully
[2024-11-24 00:42:20] PIDS are 22845,22847,22849,22851,22853,22855,22844,22846,22848,22850,22852,22854,22856,22857,22858,22859,22860,22861,22862,22863,22864,22865,22866,22867
[2024-11-24 00:42:20] Starting eBPF monitoring...
[2024-11-24 00:42:20] Stopping stress-ng processes...
[2024-11-24 00:42:20] Starting eBPF monitoring...
[2024-11-24 00:42:50] Resuming stress-ng processes...
[2024-11-24 00:42:50] Waiting for stress-ng processes to complete...
[2024-11-24 00:43:50] Killing ebpf script
[2024-11-24 00:43:55] Getting experiment results
[2024-11-24 00:44:00] All done now...
[2024-11-24 00:44:07] Running stress-ng with 12 CPU workers and 12 I/O workers
[2024-11-24 00:44:07] Clearing system caches...
[2024-11-24 00:44:08] Cache cleared
[2024-11-24 00:44:08] Starting stress-ng with 12 CPU workers and 12 I/O workers
[2024-11-24 00:44:10] All 26 processes started successfully
[2024-11-24 00:44:10] PIDS are 24106,24108,24110,24112,24114,24116,24118,24120,24123,24126,24127,24128,24105,24107,24109,24111,24113,24115,24117,24119,24121,24122,24124,24125
[2024-11-24 00:44:10] Starting eBPF monitoring...
[2024-11-24 00:44:10] Stopping stress-ng processes...
[2024-11-24 00:44:11] Starting eBPF monitoring...
[2024-11-24 00:44:41] Resuming stress-ng processes...
[2024-11-24 00:44:41] Waiting for stress-ng processes to complete...
[2024-11-24 00:45:41] Killing ebpf script
[2024-11-24 00:45:46] Getting experiment results
[2024-11-24 00:45:51] All done now...
[2024-11-24 00:45:58] Running stress-ng with 18 CPU workers and 6 I/O workers
[2024-11-24 00:45:58] Clearing system caches...
[2024-11-24 00:45:59] Cache cleared
[2024-11-24 00:45:59] Starting stress-ng with 18 CPU workers and 6 I/O workers
[2024-11-24 00:46:01] All 26 processes started successfully
[2024-11-24 00:46:01] PIDS are 26627,26628,26629,26630,26631,26632,26634,26635,26638,26640,26642,26644,26645,26646,26647,26648,26649,26650,26633,26636,26637,26639,26641,26643
[2024-11-24 00:46:01] Starting eBPF monitoring...
[2024-11-24 00:46:01] Stopping stress-ng processes...
[2024-11-24 00:46:01] Starting eBPF monitoring...
[2024-11-24 00:46:31] Resuming stress-ng processes...
[2024-11-24 00:46:32] Waiting for stress-ng processes to complete...
[2024-11-24 00:47:32] Killing ebpf script
[2024-11-24 00:47:37] Getting experiment results
[2024-11-24 00:47:42] All done now...
[2024-11-24 00:47:49] Running stress-ng with 24 CPU workers and 0 I/O workers
[2024-11-24 00:47:49] Clearing system caches...
[2024-11-24 00:47:50] Cache cleared
[2024-11-24 00:47:50] Starting stress-ng with 24 CPU workers and 0 I/O workers
[2024-11-24 00:47:52] All 25 processes started successfully
[2024-11-24 00:47:52] PIDS are 27823,27824,27825,27826,27827,27828,27829,27830,27831,27832,27833,27834,27835,27836,27837,27838,27839,27840,27841,27842,27843,27844,27845,27846
[2024-11-24 00:47:52] Starting eBPF monitoring...
[2024-11-24 00:47:52] Stopping stress-ng processes...
[2024-11-24 00:47:52] Starting eBPF monitoring...
[2024-11-24 00:48:22] Resuming stress-ng processes...
[2024-11-24 00:48:22] Waiting for stress-ng processes to complete...
[2024-11-24 00:49:22] Killing ebpf script
[2024-11-24 00:49:27] Getting experiment results
[2024-11-24 00:49:32] All done now...
[2024-11-24 00:49:39] Switching to scheduler: lavd
[2024-11-24 00:49:47] Scheduler lavd successfully initialized
[2024-11-24 00:49:47] Running tests with scheduler: lavd
[2024-11-24 00:49:47] Running stress-ng with 0 CPU workers and 24 I/O workers
[2024-11-24 00:49:47] Clearing system caches...
[2024-11-24 00:49:48] Cache cleared
[2024-11-24 00:49:48] Starting stress-ng with 0 CPU workers and 24 I/O workers
[2024-11-24 00:49:50] All 25 processes started successfully
[2024-11-24 00:49:50] PIDS are 29483,29484,29485,29486,29487,29488,29489,29490,29491,29492,29493,29494,29495,29496,29497,29498,29499,29500,29501,29502,29503,29504,29505,29506
[2024-11-24 00:49:50] Starting eBPF monitoring...
[2024-11-24 00:49:50] Stopping stress-ng processes...
[2024-11-24 00:49:50] Starting eBPF monitoring...
[2024-11-24 00:50:20] Resuming stress-ng processes...
[2024-11-24 00:50:20] Waiting for stress-ng processes to complete...
[2024-11-24 00:51:20] Killing ebpf script
[2024-11-24 00:51:25] Getting experiment results
[2024-11-24 00:51:31] All done now...
[2024-11-24 00:51:39] Running stress-ng with 6 CPU workers and 18 I/O workers
[2024-11-24 00:51:39] Clearing system caches...
[2024-11-24 00:51:39] Cache cleared
[2024-11-24 00:51:39] Starting stress-ng with 6 CPU workers and 18 I/O workers
[2024-11-24 00:51:43] All 26 processes started successfully
[2024-11-24 00:51:43] PIDS are 30916,30918,30920,30922,30924,30926,30917,30919,30921,30923,30925,30927,30928,30929,30930,30931,30932,30933,30934,30935,30936,30938,30939,30941
[2024-11-24 00:51:43] Starting eBPF monitoring...
[2024-11-24 00:51:43] Stopping stress-ng processes...
[2024-11-24 00:51:43] Starting eBPF monitoring...
[2024-11-24 00:52:13] Resuming stress-ng processes...
[2024-11-24 00:52:13] Waiting for stress-ng processes to complete...
[2024-11-24 00:53:13] Killing ebpf script
[2024-11-24 00:53:18] Getting experiment results
[2024-11-24 00:53:24] All done now...
[2024-11-24 00:53:31] Running stress-ng with 12 CPU workers and 12 I/O workers
[2024-11-24 00:53:31] Clearing system caches...
[2024-11-24 00:53:31] Cache cleared
[2024-11-24 00:53:32] Starting stress-ng with 12 CPU workers and 12 I/O workers
[2024-11-24 00:53:35] All 26 processes started successfully
[2024-11-24 00:53:35] PIDS are 33258,33260,33262,33265,33267,33268,33271,33273,33275,33277,33279,33280,33257,33259,33261,33263,33264,33266,33269,33270,33272,33274,33276,33278
[2024-11-24 00:53:35] Starting eBPF monitoring...
[2024-11-24 00:53:35] Stopping stress-ng processes...
[2024-11-24 00:53:35] Starting eBPF monitoring...
[2024-11-24 00:54:05] Resuming stress-ng processes...
[2024-11-24 00:54:05] Waiting for stress-ng processes to complete...
[2024-11-24 00:55:05] Killing ebpf script
[2024-11-24 00:55:10] Getting experiment results
[2024-11-24 00:55:15] All done now...
[2024-11-24 00:55:22] Running stress-ng with 18 CPU workers and 6 I/O workers
[2024-11-24 00:55:22] Clearing system caches...
[2024-11-24 00:55:24] Cache cleared
[2024-11-24 00:55:24] Starting stress-ng with 18 CPU workers and 6 I/O workers
[2024-11-24 00:55:26] All 26 processes started successfully
[2024-11-24 00:55:26] PIDS are 34961,34963,34965,34967,34969,34971,34972,34974,34975,34976,34977,34978,34979,34980,34981,34982,34983,34984,34962,34964,34966,34968,34970,34973
[2024-11-24 00:55:26] Starting eBPF monitoring...
[2024-11-24 00:55:26] Stopping stress-ng processes...
[2024-11-24 00:55:26] Starting eBPF monitoring...
[2024-11-24 00:55:56] Resuming stress-ng processes...
[2024-11-24 00:55:56] Waiting for stress-ng processes to complete...
[2024-11-24 00:56:56] Killing ebpf script
[2024-11-24 00:57:01] Getting experiment results
[2024-11-24 00:57:07] All done now...
[2024-11-24 00:57:14] Running stress-ng with 24 CPU workers and 0 I/O workers
[2024-11-24 00:57:14] Clearing system caches...
[2024-11-24 00:57:15] Cache cleared
[2024-11-24 00:57:15] Starting stress-ng with 24 CPU workers and 0 I/O workers
[2024-11-24 00:57:17] All 25 processes started successfully
[2024-11-24 00:57:17] PIDS are 36216,36217,36218,36219,36220,36221,36222,36223,36224,36225,36226,36227,36228,36229,36230,36231,36232,36233,36234,36235,36236,36237,36238,36239
[2024-11-24 00:57:17] Starting eBPF monitoring...
[2024-11-24 00:57:17] Stopping stress-ng processes...
[2024-11-24 00:57:17] Starting eBPF monitoring...
[2024-11-24 00:57:47] Resuming stress-ng processes...
[2024-11-24 00:57:47] Waiting for stress-ng processes to complete...
[2024-11-24 00:58:47] Killing ebpf script
[2024-11-24 00:58:52] Getting experiment results
[2024-11-24 00:58:58] All done now...
[2024-11-24 00:59:05] Switching to scheduler: rusty
[2024-11-24 00:59:12] Scheduler rusty successfully initialized
[2024-11-24 00:59:12] Running tests with scheduler: rusty
[2024-11-24 00:59:12] Running stress-ng with 0 CPU workers and 24 I/O workers
[2024-11-24 00:59:12] Clearing system caches...
[2024-11-24 00:59:12] Cache cleared
[2024-11-24 00:59:13] Starting stress-ng with 0 CPU workers and 24 I/O workers
[2024-11-24 00:59:16] All 25 processes started successfully
[2024-11-24 00:59:16] PIDS are 37678,37679,37680,37681,37682,37683,37684,37685,37686,37687,37688,37689,37690,37691,37692,37693,37694,37695,37696,37697,37698,37699,37700,37701
[2024-11-24 00:59:16] Starting eBPF monitoring...
[2024-11-24 00:59:16] Stopping stress-ng processes...
[2024-11-24 00:59:16] Starting eBPF monitoring...
[2024-11-24 00:59:46] Resuming stress-ng processes...
[2024-11-24 00:59:46] Waiting for stress-ng processes to complete...
[2024-11-24 01:00:46] Killing ebpf script
[2024-11-24 01:00:51] Getting experiment results
[2024-11-24 01:00:57] All done now...
[2024-11-24 01:01:04] Running stress-ng with 6 CPU workers and 18 I/O workers
[2024-11-24 01:01:04] Clearing system caches...
[2024-11-24 01:01:05] Cache cleared
[2024-11-24 01:01:05] Starting stress-ng with 6 CPU workers and 18 I/O workers
[2024-11-24 01:01:08] All 26 processes started successfully
[2024-11-24 01:01:08] PIDS are 38923,38925,38927,38929,38931,38933,38922,38924,38926,38928,38930,38932,38934,38935,38936,38937,38938,38939,38940,38941,38942,38943,38944,38945
[2024-11-24 01:01:08] Starting eBPF monitoring...
[2024-11-24 01:01:08] Stopping stress-ng processes...
[2024-11-24 01:01:09] Starting eBPF monitoring...
[2024-11-24 01:01:39] Resuming stress-ng processes...
[2024-11-24 01:01:39] Waiting for stress-ng processes to complete...
[2024-11-24 01:02:39] Killing ebpf script
[2024-11-24 01:02:44] Getting experiment results
[2024-11-24 01:02:49] All done now...
[2024-11-24 01:02:56] Running stress-ng with 12 CPU workers and 12 I/O workers
[2024-11-24 01:02:56] Clearing system caches...
[2024-11-24 01:02:57] Cache cleared
[2024-11-24 01:02:57] Starting stress-ng with 12 CPU workers and 12 I/O workers
[2024-11-24 01:03:00] All 26 processes started successfully
[2024-11-24 01:03:00] PIDS are 40340,40342,40344,40346,40348,40350,40352,40354,40356,40358,40360,40361,40339,40341,40343,40345,40347,40349,40351,40353,40355,40357,40359,40362
[2024-11-24 01:03:00] Starting eBPF monitoring...
[2024-11-24 01:03:00] Stopping stress-ng processes...
[2024-11-24 01:03:00] Starting eBPF monitoring...
[2024-11-24 01:03:30] Resuming stress-ng processes...
[2024-11-24 01:03:30] Waiting for stress-ng processes to complete...
[2024-11-24 01:04:30] Killing ebpf script
[2024-11-24 01:04:35] Getting experiment results
[2024-11-24 01:04:41] All done now...
[2024-11-24 01:04:48] Running stress-ng with 18 CPU workers and 6 I/O workers
[2024-11-24 01:04:48] Clearing system caches...
[2024-11-24 01:04:48] Cache cleared
[2024-11-24 01:04:49] Starting stress-ng with 18 CPU workers and 6 I/O workers
[2024-11-24 01:04:51] All 26 processes started successfully
[2024-11-24 01:04:51] PIDS are 41562,41563,41564,41565,41566,41567,41568,41569,41570,41571,41572,41573,41574,41575,41576,41577,41578,41579,41556,41557,41558,41559,41560,41561
[2024-11-24 01:04:51] Starting eBPF monitoring...
[2024-11-24 01:04:51] Stopping stress-ng processes...
[2024-11-24 01:04:51] Starting eBPF monitoring...
[2024-11-24 01:05:21] Resuming stress-ng processes...
[2024-11-24 01:05:21] Waiting for stress-ng processes to complete...
[2024-11-24 01:06:21] Killing ebpf script
[2024-11-24 01:06:26] Getting experiment results
[2024-11-24 01:06:31] All done now...
[2024-11-24 01:06:38] Running stress-ng with 24 CPU workers and 0 I/O workers
[2024-11-24 01:06:38] Clearing system caches...
[2024-11-24 01:06:39] Cache cleared
[2024-11-24 01:06:39] Starting stress-ng with 24 CPU workers and 0 I/O workers
[2024-11-24 01:06:41] All 25 processes started successfully
[2024-11-24 01:06:41] PIDS are 42762,42763,42764,42765,42766,42767,42768,42769,42770,42771,42772,42773,42774,42775,42776,42777,42778,42779,42780,42781,42782,42783,42784,42785
[2024-11-24 01:06:41] Starting eBPF monitoring...
[2024-11-24 01:06:41] Stopping stress-ng processes...
[2024-11-24 01:06:41] Starting eBPF monitoring...
[2024-11-24 01:07:11] Resuming stress-ng processes...
[2024-11-24 01:07:11] Waiting for stress-ng processes to complete...
[2024-11-24 01:08:12] Killing ebpf script
[2024-11-24 01:08:17] Getting experiment results
[2024-11-24 01:08:22] All done now...
[2024-11-24 01:08:29] Switching to scheduler: rustland
[2024-11-24 01:08:37] Scheduler rustland successfully initialized
[2024-11-24 01:08:37] Running tests with scheduler: rustland
[2024-11-24 01:08:37] Running stress-ng with 0 CPU workers and 24 I/O workers
[2024-11-24 01:08:37] Clearing system caches...
[2024-11-24 01:08:38] Cache cleared
[2024-11-24 01:08:38] Starting stress-ng with 0 CPU workers and 24 I/O workers
[2024-11-24 01:08:40] All 25 processes started successfully
[2024-11-24 01:08:40] PIDS are 44152,44153,44154,44155,44156,44157,44158,44159,44160,44161,44162,44163,44164,44165,44166,44167,44168,44169,44170,44171,44172,44173,44174,44175
[2024-11-24 01:08:40] Starting eBPF monitoring...
[2024-11-24 01:08:40] Stopping stress-ng processes...
[2024-11-24 01:08:40] Starting eBPF monitoring...
[2024-11-24 01:09:10] Resuming stress-ng processes...
[2024-11-24 01:09:10] Waiting for stress-ng processes to complete...
[2024-11-24 01:10:10] Killing ebpf script
[2024-11-24 01:10:15] Getting experiment results
[2024-11-24 01:10:22] All done now...
[2024-11-24 01:10:29] Running stress-ng with 6 CPU workers and 18 I/O workers
[2024-11-24 01:10:29] Clearing system caches...
[2024-11-24 01:10:30] Cache cleared
[2024-11-24 01:10:30] Starting stress-ng with 6 CPU workers and 18 I/O workers
[2024-11-24 01:10:33] All 26 processes started successfully
[2024-11-24 01:10:33] PIDS are 45370,45372,45374,45376,45378,45380,45369,45371,45373,45375,45377,45379,45381,45383,45384,45385,45386,45387,45388,45390,45391,45392,45393,45394
[2024-11-24 01:10:33] Starting eBPF monitoring...
[2024-11-24 01:10:33] Stopping stress-ng processes...
[2024-11-24 01:10:33] Starting eBPF monitoring...
[2024-11-24 01:11:03] Resuming stress-ng processes...
[2024-11-24 01:11:03] Waiting for stress-ng processes to complete...
[2024-11-24 01:12:03] Killing ebpf script
[2024-11-24 01:12:08] Getting experiment results
[2024-11-24 01:12:14] All done now...
[2024-11-24 01:12:21] Running stress-ng with 12 CPU workers and 12 I/O workers
[2024-11-24 01:12:21] Clearing system caches...
[2024-11-24 01:12:22] Cache cleared
[2024-11-24 01:12:22] Starting stress-ng with 12 CPU workers and 12 I/O workers
[2024-11-24 01:12:24] All 26 processes started successfully
[2024-11-24 01:12:24] PIDS are 46620,46622,46624,46626,46628,46630,46632,46634,46636,46638,46640,46642,46621,46623,46625,46627,46629,46631,46633,46635,46637,46639,46641,46643
[2024-11-24 01:12:24] Starting eBPF monitoring...
[2024-11-24 01:12:24] Stopping stress-ng processes...
[2024-11-24 01:12:24] Starting eBPF monitoring...
[2024-11-24 01:12:54] Resuming stress-ng processes...
[2024-11-24 01:12:54] Waiting for stress-ng processes to complete...
[2024-11-24 01:13:54] Killing ebpf script
[2024-11-24 01:13:59] Getting experiment results
[2024-11-24 01:14:05] All done now...
[2024-11-24 01:14:12] Running stress-ng with 18 CPU workers and 6 I/O workers
[2024-11-24 01:14:12] Clearing system caches...
[2024-11-24 01:14:13] Cache cleared
[2024-11-24 01:14:13] Starting stress-ng with 18 CPU workers and 6 I/O workers
[2024-11-24 01:14:15] All 26 processes started successfully
[2024-11-24 01:14:15] PIDS are 47925,47928,47930,47932,47934,47936,47937,47938,47940,47941,47942,47943,47944,47945,47947,47948,47949,47950,47926,47927,47929,47931,47933,47935
[2024-11-24 01:14:15] Starting eBPF monitoring...
[2024-11-24 01:14:15] Stopping stress-ng processes...
[2024-11-24 01:14:15] Starting eBPF monitoring...
[2024-11-24 01:14:45] Resuming stress-ng processes...
[2024-11-24 01:14:45] Waiting for stress-ng processes to complete...
[2024-11-24 01:15:45] Killing ebpf script
[2024-11-24 01:15:50] Getting experiment results
[2024-11-24 01:15:56] All done now...
[2024-11-24 01:16:03] Running stress-ng with 24 CPU workers and 0 I/O workers
[2024-11-24 01:16:03] Clearing system caches...
[2024-11-24 01:16:04] Cache cleared
[2024-11-24 01:16:04] Starting stress-ng with 24 CPU workers and 0 I/O workers
[2024-11-24 01:16:08] All 25 processes started successfully
[2024-11-24 01:16:08] PIDS are 49230,49231,49232,49233,49234,49235,49236,49237,49238,49239,49240,49242,49243,49244,49245,49246,49247,49249,49250,49251,49252,49253,49254,49255
[2024-11-24 01:16:08] Starting eBPF monitoring...
[2024-11-24 01:16:08] Stopping stress-ng processes...
[2024-11-24 01:16:08] Starting eBPF monitoring...
[2024-11-24 01:16:38] Resuming stress-ng processes...
[2024-11-24 01:16:38] Waiting for stress-ng processes to complete...
[2024-11-24 01:17:38] Killing ebpf script
[2024-11-24 01:17:43] Getting experiment results
[2024-11-24 01:17:49] All done now...
[2024-11-24 01:17:56] Exit cleanup initiated...
[2024-11-24 01:17:58] Exit cleanup completed
