[2024-11-24 22:09:17] Setting up CPU isolation...
[2024-11-24 22:09:17] CPU isolation complete
[2024-11-24 22:09:17] Switching to scheduler: default
[2024-11-24 22:09:19] Running tests with scheduler: default
[2024-11-24 22:09:19] Running stress-ng with 0 CPU workers and 24 I/O workers
[2024-11-24 22:09:19] Clearing system caches...
[2024-11-24 22:09:20] Cache cleared
[2024-11-24 22:09:21] Starting stress-ng with 0 CPU workers and 24 I/O workers
[2024-11-24 22:09:22] All 25 processes started successfully
[2024-11-24 22:09:23] PIDS are 257092,257093,257094,257095,257096,257097,257098,257099,257100,257101,257102,257103,257104,257105,257106,257107,257108,257109,257110,257111,257112,257113,257114,257115
[2024-11-24 22:09:23] Starting eBPF monitoring...
[2024-11-24 22:09:23] Stopping stress-ng processes...
[2024-11-24 22:09:23] Starting eBPF monitoring...
[2024-11-24 22:09:53] Resuming stress-ng processes...
[2024-11-24 22:09:53] Waiting for stress-ng processes to complete...
[2024-11-24 22:10:58] Killing ebpf script
[2024-11-24 22:11:03] Getting experiment results
[2024-11-24 22:11:08] All done now...
[2024-11-24 22:11:15] Running stress-ng with 6 CPU workers and 18 I/O workers
[2024-11-24 22:11:15] Clearing system caches...
[2024-11-24 22:11:16] Cache cleared
[2024-11-24 22:11:16] Starting stress-ng with 6 CPU workers and 18 I/O workers
[2024-11-24 22:11:18] All 26 processes started successfully
[2024-11-24 22:11:18] PIDS are 258431,258432,258435,258437,258439,258441,258430,258433,258434,258436,258438,258440,258442,258443,258444,258445,258446,258447,258448,258449,258450,258451,258452,258453
[2024-11-24 22:11:18] Starting eBPF monitoring...
[2024-11-24 22:11:18] Stopping stress-ng processes...
[2024-11-24 22:11:18] Starting eBPF monitoring...
[2024-11-24 22:11:48] Resuming stress-ng processes...
[2024-11-24 22:11:48] Waiting for stress-ng processes to complete...
[2024-11-24 22:12:53] Killing ebpf script
[2024-11-24 22:12:58] Getting experiment results
[2024-11-24 22:13:04] All done now...
[2024-11-24 22:13:11] Running stress-ng with 12 CPU workers and 12 I/O workers
[2024-11-24 22:13:11] Clearing system caches...
[2024-11-24 22:13:11] Cache cleared
[2024-11-24 22:13:12] Starting stress-ng with 12 CPU workers and 12 I/O workers
[2024-11-24 22:13:15] All 26 processes started successfully
[2024-11-24 22:13:15] PIDS are 259758,259760,259762,259764,259766,259768,259769,259771,259773,259775,259777,259779,259756,259757,259759,259761,259763,259765,259767,259770,259772,259774,259776,259778
[2024-11-24 22:13:15] Starting eBPF monitoring...
[2024-11-24 22:13:15] Stopping stress-ng processes...
[2024-11-24 22:13:15] Starting eBPF monitoring...
[2024-11-24 22:13:45] Resuming stress-ng processes...
[2024-11-24 22:13:45] Waiting for stress-ng processes to complete...
[2024-11-24 22:14:50] Killing ebpf script
[2024-11-24 22:14:55] Getting experiment results
[2024-11-24 22:15:01] All done now...
[2024-11-24 22:15:08] Running stress-ng with 18 CPU workers and 6 I/O workers
[2024-11-24 22:15:08] Clearing system caches...
[2024-11-24 22:15:08] Cache cleared
[2024-11-24 22:15:08] Starting stress-ng with 18 CPU workers and 6 I/O workers
[2024-11-24 22:15:11] All 26 processes started successfully
[2024-11-24 22:15:11] PIDS are 261076,261078,261080,261082,261084,261086,261087,261088,261089,261090,261091,261092,261093,261094,261095,261096,261097,261098,261075,261077,261079,261081,261083,261085
[2024-11-24 22:15:11] Starting eBPF monitoring...
[2024-11-24 22:15:11] Stopping stress-ng processes...
[2024-11-24 22:15:12] Starting eBPF monitoring...
[2024-11-24 22:15:42] Resuming stress-ng processes...
[2024-11-24 22:15:42] Waiting for stress-ng processes to complete...
[2024-11-24 22:16:47] Killing ebpf script
[2024-11-24 22:16:52] Getting experiment results
[2024-11-24 22:16:57] All done now...
[2024-11-24 22:17:04] Running stress-ng with 24 CPU workers and 0 I/O workers
[2024-11-24 22:17:04] Clearing system caches...
[2024-11-24 22:17:05] Cache cleared
[2024-11-24 22:17:05] Starting stress-ng with 24 CPU workers and 0 I/O workers
[2024-11-24 22:17:07] All 25 processes started successfully
[2024-11-24 22:17:07] PIDS are 262343,262344,262345,262346,262347,262348,262349,262350,262351,262352,262353,262354,262355,262356,262357,262358,262359,262360,262361,262362,262363,262364,262365,262366
[2024-11-24 22:17:07] Starting eBPF monitoring...
[2024-11-24 22:17:07] Stopping stress-ng processes...
[2024-11-24 22:17:07] Starting eBPF monitoring...
[2024-11-24 22:17:37] Resuming stress-ng processes...
[2024-11-24 22:17:37] Waiting for stress-ng processes to complete...
[2024-11-24 22:18:42] Killing ebpf script
[2024-11-24 22:18:47] Getting experiment results
[2024-11-24 22:18:53] All done now...
[2024-11-24 22:19:00] Switching to scheduler: lavd
[2024-11-24 22:19:08] Scheduler lavd successfully initialized
[2024-11-24 22:19:08] Running tests with scheduler: lavd
[2024-11-24 22:19:08] Running stress-ng with 0 CPU workers and 24 I/O workers
[2024-11-24 22:19:08] Clearing system caches...
[2024-11-24 22:19:08] Cache cleared
[2024-11-24 22:19:09] Starting stress-ng with 0 CPU workers and 24 I/O workers
[2024-11-24 22:19:12] All 25 processes started successfully
[2024-11-24 22:19:12] PIDS are 263869,263870,263871,263872,263873,263874,263875,263876,263877,263878,263879,263880,263881,263882,263883,263884,263885,263886,263887,263888,263889,263890,263891,263892
[2024-11-24 22:19:12] Starting eBPF monitoring...
[2024-11-24 22:19:12] Stopping stress-ng processes...
[2024-11-24 22:19:12] Starting eBPF monitoring...
[2024-11-24 22:19:42] Resuming stress-ng processes...
[2024-11-24 22:19:42] Waiting for stress-ng processes to complete...
[2024-11-24 22:20:47] Killing ebpf script
[2024-11-24 22:20:52] Getting experiment results
[2024-11-24 22:20:57] All done now...
[2024-11-24 22:21:04] Running stress-ng with 6 CPU workers and 18 I/O workers
[2024-11-24 22:21:04] Clearing system caches...
[2024-11-24 22:21:05] Cache cleared
[2024-11-24 22:21:05] Starting stress-ng with 6 CPU workers and 18 I/O workers
[2024-11-24 22:21:07] All 26 processes started successfully
[2024-11-24 22:21:07] PIDS are 265198,265200,265202,265204,265206,265208,265197,265199,265201,265203,265205,265207,265209,265210,265211,265212,265213,265214,265215,265216,265217,265218,265219,265220
[2024-11-24 22:21:07] Starting eBPF monitoring...
[2024-11-24 22:21:07] Stopping stress-ng processes...
[2024-11-24 22:21:07] Starting eBPF monitoring...
[2024-11-24 22:21:37] Resuming stress-ng processes...
[2024-11-24 22:21:37] Waiting for stress-ng processes to complete...
[2024-11-24 22:22:42] Killing ebpf script
[2024-11-24 22:22:47] Getting experiment results
[2024-11-24 22:22:53] All done now...
[2024-11-24 22:23:00] Running stress-ng with 12 CPU workers and 12 I/O workers
[2024-11-24 22:23:00] Clearing system caches...
[2024-11-24 22:23:01] Cache cleared
[2024-11-24 22:23:01] Starting stress-ng with 12 CPU workers and 12 I/O workers
[2024-11-24 22:23:04] All 26 processes started successfully
[2024-11-24 22:23:04] PIDS are 266532,266533,266535,266537,266540,266542,266545,266547,266550,266552,266553,266554,266531,266534,266536,266538,266539,266541,266543,266544,266546,266548,266549,266551
[2024-11-24 22:23:04] Starting eBPF monitoring...
[2024-11-24 22:23:04] Stopping stress-ng processes...
[2024-11-24 22:23:04] Starting eBPF monitoring...
[2024-11-24 22:23:34] Resuming stress-ng processes...
[2024-11-24 22:23:34] Waiting for stress-ng processes to complete...
[2024-11-24 22:24:39] Killing ebpf script
[2024-11-24 22:24:44] Getting experiment results
[2024-11-24 22:24:49] All done now...
[2024-11-24 22:24:57] Running stress-ng with 18 CPU workers and 6 I/O workers
[2024-11-24 22:24:57] Clearing system caches...
[2024-11-24 22:24:57] Cache cleared
[2024-11-24 22:24:57] Starting stress-ng with 18 CPU workers and 6 I/O workers
[2024-11-24 22:25:00] All 26 processes started successfully
[2024-11-24 22:25:00] PIDS are 267854,267857,267859,267862,267864,267865,267866,267867,267868,267869,267870,267871,267872,267873,267874,267875,267876,267877,267855,267856,267858,267860,267861,267863
[2024-11-24 22:25:00] Starting eBPF monitoring...
[2024-11-24 22:25:00] Stopping stress-ng processes...
[2024-11-24 22:25:00] Starting eBPF monitoring...
[2024-11-24 22:25:30] Resuming stress-ng processes...
[2024-11-24 22:25:30] Waiting for stress-ng processes to complete...
[2024-11-24 22:26:36] Killing ebpf script
[2024-11-24 22:26:41] Getting experiment results
[2024-11-24 22:26:46] All done now...
[2024-11-24 22:26:53] Running stress-ng with 24 CPU workers and 0 I/O workers
[2024-11-24 22:26:53] Clearing system caches...
[2024-11-24 22:26:54] Cache cleared
[2024-11-24 22:26:54] Starting stress-ng with 24 CPU workers and 0 I/O workers
[2024-11-24 22:26:56] All 25 processes started successfully
[2024-11-24 22:26:56] PIDS are 269127,269128,269129,269130,269131,269132,269133,269134,269135,269136,269137,269138,269139,269140,269141,269142,269143,269144,269145,269146,269147,269148,269149,269150
[2024-11-24 22:26:56] Starting eBPF monitoring...
[2024-11-24 22:26:56] Stopping stress-ng processes...
[2024-11-24 22:26:56] Starting eBPF monitoring...
[2024-11-24 22:27:26] Resuming stress-ng processes...
[2024-11-24 22:27:26] Waiting for stress-ng processes to complete...
[2024-11-24 22:28:31] Killing ebpf script
[2024-11-24 22:28:36] Getting experiment results
[2024-11-24 22:28:41] All done now...
[2024-11-24 22:28:48] Switching to scheduler: rusty
[2024-11-24 22:28:55] Scheduler rusty successfully initialized
[2024-11-24 22:28:55] Running tests with scheduler: rusty
[2024-11-24 22:28:55] Running stress-ng with 0 CPU workers and 24 I/O workers
[2024-11-24 22:28:55] Clearing system caches...
[2024-11-24 22:28:56] Cache cleared
[2024-11-24 22:28:56] Starting stress-ng with 0 CPU workers and 24 I/O workers
[2024-11-24 22:28:58] All 25 processes started successfully
[2024-11-24 22:28:59] PIDS are 270575,270576,270577,270578,270579,270580,270581,270583,270584,270585,270586,270587,270588,270589,270591,270592,270593,270594,270595,270596,270597,270598,270599,270600
[2024-11-24 22:28:59] Starting eBPF monitoring...
[2024-11-24 22:28:59] Stopping stress-ng processes...
[2024-11-24 22:28:59] Starting eBPF monitoring...
[2024-11-24 22:29:29] Resuming stress-ng processes...
[2024-11-24 22:29:29] Waiting for stress-ng processes to complete...
[2024-11-24 22:30:33] Killing ebpf script
[2024-11-24 22:30:38] Getting experiment results
[2024-11-24 22:30:44] All done now...
[2024-11-24 22:30:51] Running stress-ng with 6 CPU workers and 18 I/O workers
[2024-11-24 22:30:51] Clearing system caches...
[2024-11-24 22:30:51] Cache cleared
[2024-11-24 22:30:51] Starting stress-ng with 6 CPU workers and 18 I/O workers
[2024-11-24 22:30:54] All 26 processes started successfully
[2024-11-24 22:30:54] PIDS are 271933,271935,271937,271939,271941,271943,271934,271936,271938,271940,271942,271944,271945,271946,271947,271948,271949,271950,271951,271952,271953,271954,271955,271956
[2024-11-24 22:30:54] Starting eBPF monitoring...
[2024-11-24 22:30:54] Stopping stress-ng processes...
[2024-11-24 22:30:54] Starting eBPF monitoring...
[2024-11-24 22:31:24] Resuming stress-ng processes...
[2024-11-24 22:31:24] Waiting for stress-ng processes to complete...
[2024-11-24 22:32:30] Killing ebpf script
[2024-11-24 22:32:35] Getting experiment results
[2024-11-24 22:32:40] All done now...
[2024-11-24 22:32:47] Running stress-ng with 12 CPU workers and 12 I/O workers
[2024-11-24 22:32:47] Clearing system caches...
[2024-11-24 22:32:47] Cache cleared
[2024-11-24 22:32:48] Starting stress-ng with 12 CPU workers and 12 I/O workers
[2024-11-24 22:32:50] All 26 processes started successfully
[2024-11-24 22:32:50] PIDS are 273230,273232,273233,273235,273237,273239,273241,273243,273245,273247,273249,273251,273231,273234,273236,273238,273240,273242,273244,273246,273248,273250,273252,273253
[2024-11-24 22:32:50] Starting eBPF monitoring...
[2024-11-24 22:32:50] Stopping stress-ng processes...
[2024-11-24 22:32:50] Starting eBPF monitoring...
[2024-11-24 22:33:20] Resuming stress-ng processes...
[2024-11-24 22:33:20] Waiting for stress-ng processes to complete...
[2024-11-24 22:34:25] Killing ebpf script
[2024-11-24 22:34:30] Getting experiment results
[2024-11-24 22:34:35] All done now...
[2024-11-24 22:34:42] Running stress-ng with 18 CPU workers and 6 I/O workers
[2024-11-24 22:34:42] Clearing system caches...
[2024-11-24 22:34:43] Cache cleared
[2024-11-24 22:34:43] Starting stress-ng with 18 CPU workers and 6 I/O workers
[2024-11-24 22:34:45] All 26 processes started successfully
[2024-11-24 22:34:45] PIDS are 274516,274519,274520,274523,274525,274527,274528,274529,274530,274531,274532,274533,274534,274535,274536,274537,274538,274539,274517,274518,274521,274522,274524,274526
[2024-11-24 22:34:45] Starting eBPF monitoring...
[2024-11-24 22:34:45] Stopping stress-ng processes...
[2024-11-24 22:34:45] Starting eBPF monitoring...
[2024-11-24 22:35:15] Resuming stress-ng processes...
[2024-11-24 22:35:15] Waiting for stress-ng processes to complete...
[2024-11-24 22:36:20] Killing ebpf script
[2024-11-24 22:36:25] Getting experiment results
[2024-11-24 22:36:31] All done now...
[2024-11-24 22:36:38] Running stress-ng with 24 CPU workers and 0 I/O workers
[2024-11-24 22:36:38] Clearing system caches...
[2024-11-24 22:36:38] Cache cleared
[2024-11-24 22:36:39] Starting stress-ng with 24 CPU workers and 0 I/O workers
[2024-11-24 22:36:42] All 25 processes started successfully
[2024-11-24 22:36:42] PIDS are 275833,275834,275835,275836,275837,275838,275839,275840,275841,275842,275843,275844,275845,275846,275847,275848,275849,275850,275851,275852,275853,275854,275855,275856
[2024-11-24 22:36:42] Starting eBPF monitoring...
[2024-11-24 22:36:42] Stopping stress-ng processes...
[2024-11-24 22:36:42] Starting eBPF monitoring...
[2024-11-24 22:37:12] Resuming stress-ng processes...
[2024-11-24 22:37:12] Waiting for stress-ng processes to complete...
[2024-11-24 22:38:17] Killing ebpf script
[2024-11-24 22:38:22] Getting experiment results
[2024-11-24 22:38:27] All done now...
[2024-11-24 22:38:34] Switching to scheduler: rustland
[2024-11-24 22:38:41] Scheduler rustland successfully initialized
[2024-11-24 22:38:41] Running tests with scheduler: rustland
[2024-11-24 22:38:41] Running stress-ng with 0 CPU workers and 24 I/O workers
[2024-11-24 22:38:41] Clearing system caches...
[2024-11-24 22:38:42] Cache cleared
[2024-11-24 22:38:42] Starting stress-ng with 0 CPU workers and 24 I/O workers
[2024-11-24 22:38:45] All 25 processes started successfully
[2024-11-24 22:38:45] PIDS are 277329,277330,277331,277332,277333,277334,277335,277336,277337,277338,277339,277340,277341,277342,277343,277344,277345,277346,277347,277348,277349,277350,277351,277352
[2024-11-24 22:38:45] Starting eBPF monitoring...
[2024-11-24 22:38:45] Stopping stress-ng processes...
[2024-11-24 22:38:45] Starting eBPF monitoring...
[2024-11-24 22:39:15] Resuming stress-ng processes...
[2024-11-24 22:39:15] Waiting for stress-ng processes to complete...
[2024-11-24 22:40:20] Killing ebpf script
[2024-11-24 22:40:25] Getting experiment results
[2024-11-24 22:40:31] All done now...
[2024-11-24 22:40:38] Running stress-ng with 6 CPU workers and 18 I/O workers
[2024-11-24 22:40:38] Clearing system caches...
[2024-11-24 22:40:38] Cache cleared
[2024-11-24 22:40:39] Starting stress-ng with 6 CPU workers and 18 I/O workers
[2024-11-24 22:40:42] All 26 processes started successfully
[2024-11-24 22:40:42] PIDS are 278671,278673,278675,278677,278679,278681,278670,278672,278674,278676,278678,278680,278682,278683,278684,278685,278686,278687,278688,278689,278690,278691,278692,278693
[2024-11-24 22:40:42] Starting eBPF monitoring...
[2024-11-24 22:40:42] Stopping stress-ng processes...
[2024-11-24 22:40:42] Starting eBPF monitoring...
[2024-11-24 22:41:12] Resuming stress-ng processes...
[2024-11-24 22:41:12] Waiting for stress-ng processes to complete...
[2024-11-24 22:42:17] Killing ebpf script
[2024-11-24 22:42:22] Getting experiment results
[2024-11-24 22:42:28] All done now...
[2024-11-24 22:42:35] Running stress-ng with 12 CPU workers and 12 I/O workers
[2024-11-24 22:42:35] Clearing system caches...
[2024-11-24 22:42:36] Cache cleared
[2024-11-24 22:42:36] Starting stress-ng with 12 CPU workers and 12 I/O workers
[2024-11-24 22:42:38] All 26 processes started successfully
[2024-11-24 22:42:38] PIDS are 279954,279957,279959,279961,279963,279965,279967,279969,279971,279973,279974,279975,279952,279953,279955,279956,279958,279960,279962,279964,279966,279968,279970,279972
[2024-11-24 22:42:38] Starting eBPF monitoring...
[2024-11-24 22:42:38] Stopping stress-ng processes...
[2024-11-24 22:42:38] Starting eBPF monitoring...
[2024-11-24 22:43:08] Resuming stress-ng processes...
[2024-11-24 22:43:08] Waiting for stress-ng processes to complete...
[2024-11-24 22:44:13] Killing ebpf script
[2024-11-24 22:44:18] Getting experiment results
[2024-11-24 22:44:24] All done now...
[2024-11-24 22:44:31] Running stress-ng with 18 CPU workers and 6 I/O workers
[2024-11-24 22:44:31] Clearing system caches...
[2024-11-24 22:44:31] Cache cleared
[2024-11-24 22:44:32] Starting stress-ng with 18 CPU workers and 6 I/O workers
[2024-11-24 22:44:35] All 26 processes started successfully
[2024-11-24 22:44:35] PIDS are 281287,281289,281291,281293,281294,281297,281298,281299,281300,281301,281302,281303,281304,281305,281306,281307,281308,281309,281286,281288,281290,281292,281295,281296
[2024-11-24 22:44:35] Starting eBPF monitoring...
[2024-11-24 22:44:35] Stopping stress-ng processes...
[2024-11-24 22:44:35] Starting eBPF monitoring...
[2024-11-24 22:45:05] Resuming stress-ng processes...
[2024-11-24 22:45:05] Waiting for stress-ng processes to complete...
[2024-11-24 22:46:10] Killing ebpf script
[2024-11-24 22:46:15] Getting experiment results
[2024-11-24 22:46:21] All done now...
[2024-11-24 22:46:28] Running stress-ng with 24 CPU workers and 0 I/O workers
[2024-11-24 22:46:28] Clearing system caches...
[2024-11-24 22:46:29] Cache cleared
[2024-11-24 22:46:29] Starting stress-ng with 24 CPU workers and 0 I/O workers
[2024-11-24 22:46:32] All 25 processes started successfully
[2024-11-24 22:46:32] PIDS are 282576,282577,282578,282579,282580,282581,282582,282584,282585,282586,282588,282590,282591,282592,282593,282594,282595,282596,282597,282598,282599,282600,282601,282602
[2024-11-24 22:46:32] Starting eBPF monitoring...
[2024-11-24 22:46:32] Stopping stress-ng processes...
[2024-11-24 22:46:32] Starting eBPF monitoring...
[2024-11-24 22:47:02] Resuming stress-ng processes...
[2024-11-24 22:47:02] Waiting for stress-ng processes to complete...
[2024-11-24 22:48:07] Killing ebpf script
[2024-11-24 22:48:12] Getting experiment results
[2024-11-24 22:48:18] All done now...
[2024-11-24 22:48:25] Exit cleanup initiated...
[2024-11-24 22:48:27] Exit cleanup completed
