[2024-11-22 05:49:35] Setting up CPU isolation...
[2024-11-22 05:49:36] CPU isolation complete
[2024-11-22 05:49:36] Switching to scheduler: default
[2024-11-22 05:49:38] Running tests with scheduler: default
[2024-11-22 05:49:38] Running stress-ng with 0 CPU workers and 24 I/O workers
[2024-11-22 05:49:38] Clearing system caches...
[2024-11-22 05:49:39] Cache cleared
[2024-11-22 05:49:39] Starting stress-ng with 0 CPU workers and 24 I/O workers
[2024-11-22 05:49:41] All 25 processes started successfully
[2024-11-22 05:49:41] PIDS are 401540,401541,401542,401543,401544,401545,401546,401547,401548,401549,401550,401551,401552,401553,401554,401555,401556,401557,401558,401559,401560,401561,401562,401563
[2024-11-22 05:49:41] Starting eBPF monitoring...
[2024-11-22 05:49:41] Stopping stress-ng processes...
[2024-11-22 05:49:41] Starting eBPF monitoring...
[2024-11-22 05:50:11] Resuming stress-ng processes...
[2024-11-22 05:50:11] Waiting for stress-ng processes to complete...
[2024-11-22 05:51:11] Killing ebpf script
[2024-11-22 05:51:16] Getting experiment results
[2024-11-22 05:51:22] All done now...
[2024-11-22 05:51:29] Running stress-ng with 6 CPU workers and 18 I/O workers
[2024-11-22 05:51:29] Clearing system caches...
[2024-11-22 05:51:30] Cache cleared
[2024-11-22 05:51:30] Starting stress-ng with 6 CPU workers and 18 I/O workers
[2024-11-22 05:51:32] All 26 processes started successfully
[2024-11-22 05:51:32] PIDS are 402951,402953,402955,402957,402959,402961,402952,402954,402956,402958,402960,402962,402963,402964,402965,402966,402967,402968,402969,402970,402971,402972,402973,402974
[2024-11-22 05:51:32] Starting eBPF monitoring...
[2024-11-22 05:51:32] Stopping stress-ng processes...
[2024-11-22 05:51:32] Starting eBPF monitoring...
[2024-11-22 05:52:02] Resuming stress-ng processes...
[2024-11-22 05:52:02] Waiting for stress-ng processes to complete...
[2024-11-22 05:53:02] Killing ebpf script
[2024-11-22 05:53:07] Getting experiment results
[2024-11-22 05:53:12] All done now...
[2024-11-22 05:53:19] Running stress-ng with 12 CPU workers and 12 I/O workers
[2024-11-22 05:53:19] Clearing system caches...
[2024-11-22 05:53:20] Cache cleared
[2024-11-22 05:53:20] Starting stress-ng with 12 CPU workers and 12 I/O workers
[2024-11-22 05:53:22] All 26 processes started successfully
[2024-11-22 05:53:22] PIDS are 404174,404176,404178,404180,404182,404184,404186,404188,404190,404192,404194,404196,404173,404175,404177,404179,404181,404183,404185,404187,404189,404191,404193,404195
[2024-11-22 05:53:22] Starting eBPF monitoring...
[2024-11-22 05:53:22] Stopping stress-ng processes...
[2024-11-22 05:53:23] Starting eBPF monitoring...
[2024-11-22 05:53:53] Resuming stress-ng processes...
[2024-11-22 05:53:53] Waiting for stress-ng processes to complete...
[2024-11-22 05:54:52] Killing ebpf script
[2024-11-22 05:54:58] Getting experiment results
[2024-11-22 05:55:04] All done now...
[2024-11-22 05:55:11] Running stress-ng with 18 CPU workers and 6 I/O workers
[2024-11-22 05:55:11] Clearing system caches...
[2024-11-22 05:55:11] Cache cleared
[2024-11-22 05:55:12] Starting stress-ng with 18 CPU workers and 6 I/O workers
[2024-11-22 05:55:13] All 26 processes started successfully
[2024-11-22 05:55:14] PIDS are 405303,405305,405307,405309,405311,405313,405314,405315,405316,405317,405318,405319,405320,405321,405322,405323,405324,405325,405302,405304,405306,405308,405310,405312
[2024-11-22 05:55:14] Starting eBPF monitoring...
[2024-11-22 05:55:14] Stopping stress-ng processes...
[2024-11-22 05:55:14] Starting eBPF monitoring...
[2024-11-22 05:55:44] Resuming stress-ng processes...
[2024-11-22 05:55:44] Waiting for stress-ng processes to complete...
[2024-11-22 05:56:44] Killing ebpf script
[2024-11-22 05:56:49] Getting experiment results
[2024-11-22 05:56:55] All done now...
[2024-11-22 05:57:02] Running stress-ng with 24 CPU workers and 0 I/O workers
[2024-11-22 05:57:02] Clearing system caches...
[2024-11-22 05:57:02] Cache cleared
[2024-11-22 05:57:03] Starting stress-ng with 24 CPU workers and 0 I/O workers
[2024-11-22 05:57:05] All 25 processes started successfully
[2024-11-22 05:57:05] PIDS are 406435,406436,406437,406438,406439,406440,406441,406442,406443,406444,406445,406446,406447,406448,406449,406450,406451,406452,406453,406454,406455,406456,406457,406458
[2024-11-22 05:57:05] Starting eBPF monitoring...
[2024-11-22 05:57:05] Stopping stress-ng processes...
[2024-11-22 05:57:05] Starting eBPF monitoring...
[2024-11-22 05:57:35] Resuming stress-ng processes...
[2024-11-22 05:57:35] Waiting for stress-ng processes to complete...
[2024-11-22 05:58:35] Killing ebpf script
[2024-11-22 05:58:40] Getting experiment results
[2024-11-22 05:58:45] All done now...
[2024-11-22 05:58:52] Switching to scheduler: lavd
[2024-11-22 05:59:00] Scheduler lavd successfully initialized
[2024-11-22 05:59:00] Running tests with scheduler: lavd
[2024-11-22 05:59:00] Running stress-ng with 0 CPU workers and 24 I/O workers
[2024-11-22 05:59:00] Clearing system caches...
[2024-11-22 05:59:01] Cache cleared
[2024-11-22 05:59:01] Starting stress-ng with 0 CPU workers and 24 I/O workers
[2024-11-22 05:59:03] All 25 processes started successfully
[2024-11-22 05:59:03] PIDS are 407771,407772,407773,407774,407775,407776,407777,407778,407779,407780,407781,407782,407783,407784,407785,407786,407787,407788,407789,407790,407791,407792,407793,407794
[2024-11-22 05:59:03] Starting eBPF monitoring...
[2024-11-22 05:59:03] Stopping stress-ng processes...
[2024-11-22 05:59:03] Starting eBPF monitoring...
[2024-11-22 05:59:33] Resuming stress-ng processes...
[2024-11-22 05:59:33] Waiting for stress-ng processes to complete...
[2024-11-22 06:00:33] Killing ebpf script
[2024-11-22 06:00:38] Getting experiment results
[2024-11-22 06:00:43] All done now...
[2024-11-22 06:00:51] Running stress-ng with 6 CPU workers and 18 I/O workers
[2024-11-22 06:00:51] Clearing system caches...
[2024-11-22 06:00:51] Cache cleared
[2024-11-22 06:00:51] Starting stress-ng with 6 CPU workers and 18 I/O workers
[2024-11-22 06:00:54] All 26 processes started successfully
[2024-11-22 06:00:54] PIDS are 409060,409063,409065,409068,409070,409073,409061,409062,409064,409066,409067,409069,409071,409072,409074,409075,409076,409077,409078,409079,409080,409081,409082,409083
[2024-11-22 06:00:54] Starting eBPF monitoring...
[2024-11-22 06:00:54] Stopping stress-ng processes...
[2024-11-22 06:00:54] Starting eBPF monitoring...
[2024-11-22 06:01:24] Resuming stress-ng processes...
[2024-11-22 06:01:24] Waiting for stress-ng processes to complete...
[2024-11-22 06:02:24] Killing ebpf script
[2024-11-22 06:02:29] Getting experiment results
[2024-11-22 06:02:35] All done now...
[2024-11-22 06:02:42] Running stress-ng with 12 CPU workers and 12 I/O workers
[2024-11-22 06:02:42] Clearing system caches...
[2024-11-22 06:02:42] Cache cleared
[2024-11-22 06:02:43] Starting stress-ng with 12 CPU workers and 12 I/O workers
[2024-11-22 06:02:44] All 26 processes started successfully
[2024-11-22 06:02:45] PIDS are 410280,410282,410284,410286,410288,410290,410292,410294,410296,410298,410300,410302,410281,410283,410285,410287,410289,410291,410293,410295,410297,410299,410301,410303
[2024-11-22 06:02:45] Starting eBPF monitoring...
[2024-11-22 06:02:45] Stopping stress-ng processes...
[2024-11-22 06:02:45] Starting eBPF monitoring...
[2024-11-22 06:03:15] Resuming stress-ng processes...
[2024-11-22 06:03:15] Waiting for stress-ng processes to complete...
[2024-11-22 06:04:15] Killing ebpf script
[2024-11-22 06:04:20] Getting experiment results
[2024-11-22 06:04:29] All done now...
[2024-11-22 06:04:36] Running stress-ng with 18 CPU workers and 6 I/O workers
[2024-11-22 06:04:36] Clearing system caches...
[2024-11-22 06:04:37] Cache cleared
[2024-11-22 06:04:37] Starting stress-ng with 18 CPU workers and 6 I/O workers
[2024-11-22 06:04:39] All 26 processes started successfully
[2024-11-22 06:04:39] PIDS are 411483,411485,411488,411490,411493,411494,411495,411496,411497,411498,411499,411500,411501,411502,411503,411504,411505,411506,411484,411486,411487,411489,411491,411492
[2024-11-22 06:04:39] Starting eBPF monitoring...
[2024-11-22 06:04:39] Stopping stress-ng processes...
[2024-11-22 06:04:39] Starting eBPF monitoring...
[2024-11-22 06:05:09] Resuming stress-ng processes...
[2024-11-22 06:05:09] Waiting for stress-ng processes to complete...
[2024-11-22 06:06:09] Killing ebpf script
[2024-11-22 06:06:14] Getting experiment results
[2024-11-22 06:06:21] All done now...
[2024-11-22 06:06:28] Running stress-ng with 24 CPU workers and 0 I/O workers
[2024-11-22 06:06:28] Clearing system caches...
[2024-11-22 06:06:29] Cache cleared
[2024-11-22 06:06:29] Starting stress-ng with 24 CPU workers and 0 I/O workers
[2024-11-22 06:06:31] All 25 processes started successfully
[2024-11-22 06:06:31] PIDS are 412685,412686,412687,412688,412689,412690,412691,412692,412693,412694,412695,412696,412697,412698,412699,412700,412701,412702,412703,412704,412705,412706,412707,412708
[2024-11-22 06:06:31] Starting eBPF monitoring...
[2024-11-22 06:06:31] Stopping stress-ng processes...
[2024-11-22 06:06:31] Starting eBPF monitoring...
[2024-11-22 06:07:01] Resuming stress-ng processes...
[2024-11-22 06:07:01] Waiting for stress-ng processes to complete...
[2024-11-22 06:08:01] Killing ebpf script
[2024-11-22 06:08:06] Getting experiment results
[2024-11-22 06:08:13] All done now...
[2024-11-22 06:08:20] Switching to scheduler: rusty
[2024-11-22 06:08:27] Scheduler rusty successfully initialized
[2024-11-22 06:08:27] Running tests with scheduler: rusty
[2024-11-22 06:08:27] Running stress-ng with 0 CPU workers and 24 I/O workers
[2024-11-22 06:08:27] Clearing system caches...
[2024-11-22 06:08:28] Cache cleared
[2024-11-22 06:08:29] Starting stress-ng with 0 CPU workers and 24 I/O workers
[2024-11-22 06:08:31] All 25 processes started successfully
[2024-11-22 06:08:32] PIDS are 414078,414079,414080,414081,414082,414083,414084,414085,414086,414087,414088,414089,414090,414091,414092,414093,414094,414095,414096,414097,414098,414099,414100,414101
[2024-11-22 06:08:32] Starting eBPF monitoring...
[2024-11-22 06:08:32] Stopping stress-ng processes...
[2024-11-22 06:08:32] Starting eBPF monitoring...
[2024-11-22 06:09:02] Resuming stress-ng processes...
[2024-11-22 06:09:02] Waiting for stress-ng processes to complete...
[2024-11-22 06:10:01] Killing ebpf script
[2024-11-22 06:10:07] Getting experiment results
[2024-11-22 06:10:14] All done now...
[2024-11-22 06:10:21] Running stress-ng with 6 CPU workers and 18 I/O workers
[2024-11-22 06:10:21] Clearing system caches...
[2024-11-22 06:10:22] Cache cleared
[2024-11-22 06:10:22] Starting stress-ng with 6 CPU workers and 18 I/O workers
[2024-11-22 06:10:25] All 26 processes started successfully
[2024-11-22 06:10:25] PIDS are 415383,415385,415387,415389,415391,415393,415384,415386,415388,415390,415392,415394,415395,415396,415397,415398,415399,415400,415401,415402,415403,415404,415405,415406
[2024-11-22 06:10:25] Starting eBPF monitoring...
[2024-11-22 06:10:25] Stopping stress-ng processes...
[2024-11-22 06:10:25] Starting eBPF monitoring...
[2024-11-22 06:10:55] Resuming stress-ng processes...
[2024-11-22 06:10:55] Waiting for stress-ng processes to complete...
[2024-11-22 06:11:56] Killing ebpf script
[2024-11-22 06:12:01] Getting experiment results
[2024-11-22 06:12:09] All done now...
[2024-11-22 06:12:17] Running stress-ng with 12 CPU workers and 12 I/O workers
[2024-11-22 06:12:17] Clearing system caches...
[2024-11-22 06:12:17] Cache cleared
[2024-11-22 06:12:17] Starting stress-ng with 12 CPU workers and 12 I/O workers
[2024-11-22 06:12:19] All 26 processes started successfully
[2024-11-22 06:12:19] PIDS are 416888,416890,416892,416894,416896,416898,416900,416902,416904,416906,416908,416910,416889,416891,416893,416895,416897,416899,416901,416903,416905,416907,416909,416911
[2024-11-22 06:12:19] Starting eBPF monitoring...
[2024-11-22 06:12:19] Stopping stress-ng processes...
[2024-11-22 06:12:19] Starting eBPF monitoring...
[2024-11-22 06:12:50] Resuming stress-ng processes...
[2024-11-22 06:12:50] Waiting for stress-ng processes to complete...
[2024-11-22 06:13:51] Killing ebpf script
[2024-11-22 06:13:56] Getting experiment results
[2024-11-22 06:14:22] All done now...
[2024-11-22 06:14:29] Running stress-ng with 18 CPU workers and 6 I/O workers
[2024-11-22 06:14:29] Clearing system caches...
[2024-11-22 06:14:30] Cache cleared
[2024-11-22 06:14:30] Starting stress-ng with 18 CPU workers and 6 I/O workers
[2024-11-22 06:14:32] All 26 processes started successfully
[2024-11-22 06:14:32] PIDS are 418126,418128,418129,418131,418133,418135,418137,418138,418139,418140,418141,418142,418143,418144,418145,418146,418147,418148,418125,418127,418130,418132,418134,418136
[2024-11-22 06:14:32] Starting eBPF monitoring...
[2024-11-22 06:14:32] Stopping stress-ng processes...
[2024-11-22 06:14:32] Starting eBPF monitoring...
[2024-11-22 06:15:03] Resuming stress-ng processes...
[2024-11-22 06:15:03] Waiting for stress-ng processes to complete...
[2024-11-22 06:16:04] Killing ebpf script
[2024-11-22 06:16:09] Getting experiment results
[2024-11-22 06:19:07] Exit cleanup initiated...
[2024-11-22 06:19:16] Exit cleanup completed
[2024-11-22 06:19:16] Exit cleanup initiated...
[2024-11-22 06:19:19] Exit cleanup completed
